#
# There is insufficient memory for the Java Runtime Environment to continue.
# Native memory allocation (mmap) failed to map 67108864 bytes for G1 virtual space
# Possible reasons:
#   The system is out of physical RAM or swap space
#   The process is running with CompressedOops enabled, and the Java Heap may be blocking the growth of the native heap
# Possible solutions:
#   Reduce memory load on the system
#   Increase physical memory or swap space
#   Check if swap backing store is full
#   Decrease Java heap size (-Xmx/-Xms)
#   Decrease number of Java threads
#   Decrease Java thread stack sizes (-Xss)
#   Set larger code cache with -XX:ReservedCodeCacheSize=
#   JVM is running with Unscaled Compressed Oops mode in which the Java heap is
#     placed in the first 4GB address space. The Java Heap base address is the
#     maximum limit for the native heap growth. Please use -XX:HeapBaseMinAddress
#     to set the Java Heap base and to place the Java Heap above 4GB virtual address.
# This output file may be truncated or incomplete.
#
#  Out of Memory Error (os_windows.cpp:3469), pid=5656, tid=7516
#
# JRE version:  (17.0.1+12) (build )
# Java VM: Java HotSpot(TM) 64-Bit Server VM (17.0.1+12-LTS-39, mixed mode, sharing, tiered, compressed oops, compressed class ptrs, g1 gc, windows-amd64)
# No core dump will be written. Minidumps are not enabled by default on client versions of Windows
#

---------------  S U M M A R Y ------------

Command Line: -Xmx64m -Xms64m -Dorg.gradle.appname=gradlew org.gradle.wrapper.GradleWrapperMain tasks

Host: 11th Gen Intel(R) Core(TM) i3-1115G4 @ 3.00GHz, 4 cores, 7G,  Windows 10 , 64 bit Build 19041 (10.0.19041.2913)
Time: Wed Sep 20 17:59:55 2023 India Standard Time elapsed time: 0.151977 seconds (0d 0h 0m 0s)

---------------  T H R E A D  ---------------

Current thread (0x000001cf24575460):  JavaThread "Unknown thread" [_thread_in_vm, id=7516, stack(0x000000363a600000,0x000000363a700000)]

Stack: [0x000000363a600000,0x000000363a700000]
Native frames: (J=compiled Java code, j=interpreted, Vv=VM code, C=native code)
V  [jvm.dll+0x66fa1a]
V  [jvm.dll+0x7ce5a4]
V  [jvm.dll+0x7cfd4e]
V  [jvm.dll+0x7d03b3]
V  [jvm.dll+0x242b05]
V  [jvm.dll+0x66ca39]
V  [jvm.dll+0x661502]
V  [jvm.dll+0x30081b]
V  [jvm.dll+0x307da6]
V  [jvm.dll+0x357a1e]
V  [jvm.dll+0x357c4f]
V  [jvm.dll+0x2d7ad8]
V  [jvm.dll+0x2d8a44]
V  [jvm.dll+0x7a01e1]
V  [jvm.dll+0x365791]
V  [jvm.dll+0x77f6cc]
V  [jvm.dll+0x3e812f]
V  [jvm.dll+0x3e9bd1]
C  [jli.dll+0x527b]
C  [ucrtbase.dll+0x21bb2]
C  [KERNEL32.DLL+0x17614]
C  [ntdll.dll+0x526a1]


---------------  P R O C E S S  ---------------

Threads class SMR info:
_java_thread_list=0x00007ffabb0a7818, length=0, elements={
}

Java Threads: ( => current thread )

Other Threads:
  0x000001cf245922c0 GCTaskThread "GC Thread#0" [stack: 0x000000363a800000,0x000000363a900000] [id=12004]
  0x000001cf24593a00 ConcurrentGCThread "G1 Main Marker" [stack: 0x000000363a900000,0x000000363aa00000] [id=27148]
  0x000001cf24594410 ConcurrentGCThread "G1 Conc#0" [stack: 0x000000363aa00000,0x000000363ab00000] [id=9904]

[error occurred during error reporting (printing all threads), id 0xc0000005, EXCEPTION_ACCESS_VIOLATION (0xc0000005) at pc=0x00007ffaba8f84b7]

VM state: not at safepoint (not fully initialized)

VM Mutex/Monitor currently owned by a thread:  ([mutex/lock_event])
[0x000001cf24571c20] Heap_lock - owner thread: 0x000001cf24575460

Heap address: 0x00000000fc000000, size: 64 MB, Compressed Oops mode: 32-bit

CDS archive(s) mapped at: [0x0000000000000000-0x0000000000000000-0x0000000000000000), size 0, SharedBaseAddress: 0x0000000800000000, ArchiveRelocationMode: 0.
Narrow klass base: 0x0000000000000000, Narrow klass shift: 0, Narrow klass range: 0x0

GC Precious Log:
<Empty>

Heap:
 garbage-first heap   total 0K, used 0K [0x00000000fc000000, 0x0000000100000000)
  region size 1024K, 0 young (0K), 0 survivors (0K)

[error occurred during error reporting (printing heap information), id 0xc0000005, EXCEPTION_ACCESS_VIOLATION (0xc0000005) at pc=0x00007ffabacd8d89]

GC Heap History (0 events):
No events

Deoptimization events (0 events):
No events

Classes unloaded (0 events):
No events

Classes redefined (0 events):
No events

Internal exceptions (0 events):
No events

VM Operations (0 events):
No events

Events (1 events):
Event: 0.016 Loaded shared library C:\Program Files\Java\jdk-17.0.1\bin\java.dll


Dynamic libraries:
0x00007ff7b20c0000 - 0x00007ff7b20d0000 	C:\Program Files\Java\jdk-17.0.1\bin\java.exe
0x00007ffb45b90000 - 0x00007ffb45d88000 	C:\Windows\SYSTEM32\ntdll.dll
0x00007ffb45460000 - 0x00007ffb4551f000 	C:\Windows\System32\KERNEL32.DLL
0x00007ffb43490000 - 0x00007ffb43786000 	C:\Windows\System32\KERNELBASE.dll
0x00007ffb432f0000 - 0x00007ffb433f0000 	C:\Windows\System32\ucrtbase.dll
0x00007ffb3bee0000 - 0x00007ffb3bef8000 	C:\Program Files\Java\jdk-17.0.1\bin\jli.dll
0x00007ffb443b0000 - 0x00007ffb4445f000 	C:\Windows\System32\ADVAPI32.dll
0x00007ffb453c0000 - 0x00007ffb4545e000 	C:\Windows\System32\msvcrt.dll
0x00007ffb45520000 - 0x00007ffb455bc000 	C:\Windows\System32\sechost.dll
0x00007ffb44070000 - 0x00007ffb44196000 	C:\Windows\System32\RPCRT4.dll
0x00007ffb441a0000 - 0x00007ffb4433d000 	C:\Windows\System32\USER32.dll
0x00007ffb43960000 - 0x00007ffb43982000 	C:\Windows\System32\win32u.dll
0x00007ffb43f90000 - 0x00007ffb43fbc000 	C:\Windows\System32\GDI32.dll
0x00007ffb43990000 - 0x00007ffb43aa5000 	C:\Windows\System32\gdi32full.dll
0x00007ffb433f0000 - 0x00007ffb4348d000 	C:\Windows\System32\msvcp_win.dll
0x00007ffb3b0f0000 - 0x00007ffb3b10a000 	C:\Program Files\Java\jdk-17.0.1\bin\VCRUNTIME140.dll
0x00007ffb28660000 - 0x00007ffb288fa000 	C:\Windows\WinSxS\amd64_microsoft.windows.common-controls_6595b64144ccf1df_6.0.19041.1110_none_60b5254171f9507e\COMCTL32.dll
0x00007ffb31bb0000 - 0x00007ffb31bba000 	C:\Windows\SYSTEM32\VERSION.dll
0x00007ffb44ed0000 - 0x00007ffb44f00000 	C:\Windows\System32\IMM32.DLL
0x00007ffb3beb0000 - 0x00007ffb3bebc000 	C:\Program Files\Java\jdk-17.0.1\bin\vcruntime140_1.dll
0x00007ffb1d4b0000 - 0x00007ffb1d53d000 	C:\Program Files\Java\jdk-17.0.1\bin\msvcp140.dll
0x00007ffaba610000 - 0x00007ffabb1ce000 	C:\Program Files\Java\jdk-17.0.1\bin\server\jvm.dll
0x00007ffb44620000 - 0x00007ffb44628000 	C:\Windows\System32\PSAPI.DLL
0x00007ffb23620000 - 0x00007ffb23629000 	C:\Windows\SYSTEM32\WSOCK32.dll
0x00007ffb44630000 - 0x00007ffb4469b000 	C:\Windows\System32\WS2_32.dll
0x00007ffb2e6c0000 - 0x00007ffb2e6e7000 	C:\Windows\SYSTEM32\WINMM.dll
0x00007ffb41a60000 - 0x00007ffb41a72000 	C:\Windows\SYSTEM32\kernel.appcore.dll
0x00007ffb3b160000 - 0x00007ffb3b16a000 	C:\Program Files\Java\jdk-17.0.1\bin\jimage.dll
0x00007ffb41640000 - 0x00007ffb41824000 	C:\Windows\SYSTEM32\DBGHELP.DLL
0x00007ffb311c0000 - 0x00007ffb311f4000 	C:\Windows\SYSTEM32\dbgcore.DLL
0x00007ffb43b60000 - 0x00007ffb43be2000 	C:\Windows\System32\bcryptPrimitives.dll
0x00007ffb2f830000 - 0x00007ffb2f855000 	C:\Program Files\Java\jdk-17.0.1\bin\java.dll

dbghelp: loaded successfully - version: 4.0.5 - missing functions: none
symbol engine: initialized successfully - sym options: 0x614 - pdb path: .;C:\Program Files\Java\jdk-17.0.1\bin;C:\Windows\SYSTEM32;C:\Windows\WinSxS\amd64_microsoft.windows.common-controls_6595b64144ccf1df_6.0.19041.1110_none_60b5254171f9507e;C:\Program Files\Java\jdk-17.0.1\bin\server

VM Arguments:
jvm_args: -Xmx64m -Xms64m -Dorg.gradle.appname=gradlew 
java_command: org.gradle.wrapper.GradleWrapperMain tasks
java_class_path (initial): C:\Users\91939\Dropbox\My PC (LAPTOP-JH16H4DN)\Downloads\android\android\\gradle\wrapper\gradle-wrapper.jar
Launcher Type: SUN_STANDARD

[Global flags]
     intx CICompilerCount                          = 3                                         {product} {ergonomic}
     uint ConcGCThreads                            = 1                                         {product} {ergonomic}
     uint G1ConcRefinementThreads                  = 4                                         {product} {ergonomic}
   size_t G1HeapRegionSize                         = 1048576                                   {product} {ergonomic}
    uintx GCDrainStackTargetSize                   = 64                                        {product} {ergonomic}
   size_t InitialHeapSize                          = 67108864                                  {product} {command line}
   size_t MarkStackSize                            = 4194304                                   {product} {ergonomic}
   size_t MaxHeapSize                              = 67108864                                  {product} {command line}
   size_t MinHeapDeltaBytes                        = 1048576                                   {product} {ergonomic}
   size_t MinHeapSize                              = 67108864                                  {product} {command line}
    uintx NonNMethodCodeHeapSize                   = 5832780                                {pd product} {ergonomic}
    uintx NonProfiledCodeHeapSize                  = 122912730                              {pd product} {ergonomic}
    uintx ProfiledCodeHeapSize                     = 122912730                              {pd product} {ergonomic}
    uintx ReservedCodeCacheSize                    = 251658240                              {pd product} {ergonomic}
     bool SegmentedCodeCache                       = true                                      {product} {ergonomic}
   size_t SoftMaxHeapSize                          = 67108864                               {manageable} {ergonomic}
     bool UseCompressedClassPointers               = true                           {product lp64_product} {ergonomic}
     bool UseCompressedOops                        = true                           {product lp64_product} {ergonomic}
     bool UseG1GC                                  = true                                      {product} {ergonomic}
     bool UseLargePagesIndividualAllocation        = false                                  {pd product} {ergonomic}

Logging:
Log output configuration:
 #0: stdout all=warning uptime,level,tags
 #1: stderr all=off uptime,level,tags

Environment Variables:
JAVA_HOME=C:\Program Files\Java\jdk-17.0.1
CLASSPATH=C:\Users\91939\Dropbox\My PC (LAPTOP-JH16H4DN)\Downloads\android\android\\gradle\wrapper\gradle-wrapper.jar
PATH=C:\Users\91939\Dropbox\My PC (LAPTOP-JH16H4DN)\Downloads\android\node_modules\.bin;C:\Users\91939\Dropbox\My PC (LAPTOP-JH16H4DN)\Downloads\android\node_modules\.bin;C:\Users\91939\Dropbox\My PC (LAPTOP-JH16H4DN)\Downloads\node_modules\.bin;C:\Users\91939\Dropbox\My PC (LAPTOP-JH16H4DN)\node_modules\.bin;C:\Users\91939\Dropbox\node_modules\.bin;C:\Users\91939\node_modules\.bin;C:\Users\node_modules\.bin;C:\node_modules\.bin;C:\Users\91939\AppData\Roaming\npm\node_modules\npm\node_modules\@npmcli\run-script\lib\node-gyp-bin;C:\Users\91939\Dropbox\My PC (LAPTOP-JH16H4DN)\Downloads\android\node_modules\.bin;C:\Users\91939\Dropbox\My PC (LAPTOP-JH16H4DN)\Downloads\android\node_modules\.bin;C:\Users\91939\Dropbox\My PC (LAPTOP-JH16H4DN)\Downloads\node_modules\.bin;C:\Users\91939\Dropbox\My PC (LAPTOP-JH16H4DN)\node_modules\.bin;C:\Users\91939\Dropbox\node_modules\.bin;C:\Users\91939\node_modules\.bin;C:\Users\node_modules\.bin;C:\node_modules\.bin;C:\Users\91939\AppData\Roaming\npm\node_modules\npm\node_modules\@npmcli\run-script\lib\node-gyp-bin;C:\Program Files\Common Files\Oracle\Java\javapath;C:\Program Files (x86)\Common Files\Intel\Shared Libraries\redist\intel64\compiler;C:\Windows\system32;C:\Windows;C:\Windows\System32\Wbem;C:\Windows\System32\WindowsPowerShell\v1.0\;C:\Windows\System32\OpenSSH\;C:\MinGW\bin;C:\Program Files\Git\cmd;C:\Program Files\Docker\Docker\resources\bin;C:\ProgramData\DockerDesktop\version-bin;C:\Users\91939\AppData\Local\Android\Sdk\platform-tools;C:\ProgramData\chocolatey\bin;C:\Program Files\nodejs\;C:\Users\91939\AppData\Local\Android\Sdk;%PNPM_HOME%;C:\Users\91939\AppData\Local\Programs\Python\Python310\Scripts\;C:\Users\91939\AppData\Local\Programs\Python\Python310\;C:\Users\91939\AppData\Local\Microsoft\WindowsApps;C:\Program Files\JetBrains\IntelliJ IDEA Community Edition 2021.2.3\bin;;C:\Users\91939\AppData\Local\GitHubDesktop\bin;C:\Users\91939\Dropbox\My PC (LAPTOP-JH16H4DN)\Downloads\Setup\apache-maven-3.8.6\bin;C:\flutter\b
USERNAME=91939
LANG=en_US.UTF-8
OS=Windows_NT
PROCESSOR_IDENTIFIER=Intel64 Family 6 Model 140 Stepping 1, GenuineIntel



---------------  S Y S T E M  ---------------

OS:
 Windows 10 , 64 bit Build 19041 (10.0.19041.2913)
OS uptime: 15 days 0:47 hours
Hyper-V role detected

CPU: total 4 (initial active 4) (2 cores per cpu, 2 threads per core) family 6 model 140 stepping 1 microcode 0x86, cx8, cmov, fxsr, ht, mmx, 3dnowpref, sse, sse2, sse3, ssse3, sse4.1, sse4.2, popcnt, lzcnt, tsc, tscinvbit, avx, avx2, aes, erms, clmul, bmi1, bmi2, adx, avx512f, avx512dq, avx512cd, avx512bw, avx512vl, sha, fma, vzeroupper, avx512_vpopcntdq, avx512_vpclmulqdq, avx512_vaes, avx512_vnni, clflush, clflushopt, clwb, avx512_vbmi2, avx512_vbmi, hv

Memory: 4k page, system-wide physical 7886M (825M free)
TotalPageFile size 19886M (AvailPageFile size 45M)
current process WorkingSet (physical memory assigned to process): 10M, peak: 10M
current process commit charge ("private bytes"): 51M, peak: 115M

vm_info: Java HotSpot(TM) 64-Bit Server VM (17.0.1+12-LTS-39) for windows-amd64 JRE (17.0.1+12-LTS-39), built on Sep 27 2021 18:41:35 by "mach5one" with MS VC++ 16.8 (VS2019)

END.
