#
# There is insufficient memory for the Java Runtime Environment to continue.
# Native memory allocation (malloc) failed to allocate 346384 bytes for Chunk::new
# Possible reasons:
#   The system is out of physical RAM or swap space
#   The process is running with CompressedOops enabled, and the Java Heap may be blocking the growth of the native heap
# Possible solutions:
#   Reduce memory load on the system
#   Increase physical memory or swap space
#   Check if swap backing store is full
#   Decrease Java heap size (-Xmx/-Xms)
#   Decrease number of Java threads
#   Decrease Java thread stack sizes (-Xss)
#   Set larger code cache with -XX:ReservedCodeCacheSize=
#   JVM is running with Unscaled Compressed Oops mode in which the Java heap is
#     placed in the first 4GB address space. The Java Heap base address is the
#     maximum limit for the native heap growth. Please use -XX:HeapBaseMinAddress
#     to set the Java Heap base and to place the Java Heap above 4GB virtual address.
# This output file may be truncated or incomplete.
#
#  Out of Memory Error (arena.cpp:189), pid=17956, tid=22260
#
# JRE version: Java(TM) SE Runtime Environment (17.0.1+12) (build 17.0.1+12-LTS-39)
# Java VM: Java HotSpot(TM) 64-Bit Server VM (17.0.1+12-LTS-39, mixed mode, sharing, tiered, compressed oops, compressed class ptrs, g1 gc, windows-amd64)
# No core dump will be written. Minidumps are not enabled by default on client versions of Windows
#

---------------  S U M M A R Y ------------

Command Line: -Xmx64m -Xms64m -Dorg.gradle.appname=gradlew org.gradle.wrapper.GradleWrapperMain tasks

Host: 11th Gen Intel(R) Core(TM) i3-1115G4 @ 3.00GHz, 4 cores, 7G,  Windows 10 , 64 bit Build 19041 (10.0.19041.2913)
Time: Wed Sep 20 17:59:55 2023 India Standard Time elapsed time: 1.945084 seconds (0d 0h 0m 1s)

---------------  T H R E A D  ---------------

Current thread (0x00000213b6427f60):  JavaThread "C2 CompilerThread0" daemon [_thread_in_native, id=22260, stack(0x000000c101700000,0x000000c101800000)]


Current CompileTask:
C2:   1945  453       4       java.util.HashMap::put (13 bytes)

Stack: [0x000000c101700000,0x000000c101800000]
Native frames: (J=compiled Java code, j=interpreted, Vv=VM code, C=native code)
V  [jvm.dll+0x66fa1a]
V  [jvm.dll+0x7ce5a4]
V  [jvm.dll+0x7cfd4e]
V  [jvm.dll+0x7d03b3]
V  [jvm.dll+0x242b05]
V  [jvm.dll+0xaa05b]
V  [jvm.dll+0xaa5ec]
V  [jvm.dll+0x35fa07]
V  [jvm.dll+0x329f51]
V  [jvm.dll+0x3293fa]
V  [jvm.dll+0x215bf1]
V  [jvm.dll+0x215011]
V  [jvm.dll+0x1a168d]
V  [jvm.dll+0x224848]
V  [jvm.dll+0x2229ac]
V  [jvm.dll+0x78435b]
V  [jvm.dll+0x77e91a]
V  [jvm.dll+0x66e845]
C  [ucrtbase.dll+0x21bb2]
C  [KERNEL32.DLL+0x17614]
C  [ntdll.dll+0x526a1]


---------------  P R O C E S S  ---------------

Threads class SMR info:
_java_thread_list=0x00000213b64ba7e0, length=12, elements={
0x000002139b665460, 0x000002139b73abb0, 0x000002139b73b760, 0x00000213b641de10,
0x00000213b64209d0, 0x00000213b6423590, 0x00000213b6425f50, 0x00000213b6427f60,
0x00000213b6428910, 0x00000213b648f8e0, 0x00000213b64f13b0, 0x00000213b64f1b10
}

Java Threads: ( => current thread )
  0x000002139b665460 JavaThread "main" [_thread_in_Java, id=19328, stack(0x000000c100900000,0x000000c100a00000)]
  0x000002139b73abb0 JavaThread "Reference Handler" daemon [_thread_blocked, id=18320, stack(0x000000c101100000,0x000000c101200000)]
  0x000002139b73b760 JavaThread "Finalizer" daemon [_thread_blocked, id=8060, stack(0x000000c101200000,0x000000c101300000)]
  0x00000213b641de10 JavaThread "Signal Dispatcher" daemon [_thread_blocked, id=14640, stack(0x000000c101300000,0x000000c101400000)]
  0x00000213b64209d0 JavaThread "Attach Listener" daemon [_thread_blocked, id=10412, stack(0x000000c101400000,0x000000c101500000)]
  0x00000213b6423590 JavaThread "Service Thread" daemon [_thread_blocked, id=20868, stack(0x000000c101500000,0x000000c101600000)]
  0x00000213b6425f50 JavaThread "Monitor Deflation Thread" daemon [_thread_blocked, id=29408, stack(0x000000c101600000,0x000000c101700000)]
=>0x00000213b6427f60 JavaThread "C2 CompilerThread0" daemon [_thread_in_native, id=22260, stack(0x000000c101700000,0x000000c101800000)]
  0x00000213b6428910 JavaThread "C1 CompilerThread0" daemon [_thread_blocked, id=2412, stack(0x000000c101800000,0x000000c101900000)]
  0x00000213b648f8e0 JavaThread "Sweeper thread" daemon [_thread_blocked, id=14672, stack(0x000000c101900000,0x000000c101a00000)]
  0x00000213b64f13b0 JavaThread "Notification Thread" daemon [_thread_blocked, id=21220, stack(0x000000c101a00000,0x000000c101b00000)]
  0x00000213b64f1b10 JavaThread "Common-Cleaner" daemon [_thread_blocked, id=24600, stack(0x000000c101c00000,0x000000c101d00000)]

Other Threads:
  0x000002139b7340b0 VMThread "VM Thread" [stack: 0x000000c101000000,0x000000c101100000] [id=2812]
  0x00000213b64f1880 WatcherThread [stack: 0x000000c101b00000,0x000000c101c00000] [id=10000]
  0x000002139b6822c0 GCTaskThread "GC Thread#0" [stack: 0x000000c100b00000,0x000000c100c00000] [id=28200]
  0x000002139b683a00 ConcurrentGCThread "G1 Main Marker" [stack: 0x000000c100c00000,0x000000c100d00000] [id=18352]
  0x000002139b684410 ConcurrentGCThread "G1 Conc#0" [stack: 0x000000c100d00000,0x000000c100e00000] [id=9448]
  0x000002139b6d1e80 ConcurrentGCThread "G1 Refine#0" [stack: 0x000000c100e00000,0x000000c100f00000] [id=11028]
  0x000002139b6d28a0 ConcurrentGCThread "G1 Service" [stack: 0x000000c100f00000,0x000000c101000000] [id=13568]

Threads with active compile tasks:
C2 CompilerThread0     1962  453       4       java.util.HashMap::put (13 bytes)
C1 CompilerThread0     1962  490   !   3       java.net.URL::<init> (543 bytes)

VM state: not at safepoint (normal execution)

VM Mutex/Monitor currently owned by a thread: None

Heap address: 0x00000000fc000000, size: 64 MB, Compressed Oops mode: 32-bit

CDS archive(s) mapped at: [0x0000000800000000-0x0000000800bc0000-0x0000000800bc0000), size 12320768, SharedBaseAddress: 0x0000000800000000, ArchiveRelocationMode: 0.
Compressed class space mapped at: 0x0000000800c00000-0x0000000840c00000, reserved size: 1073741824
Narrow klass base: 0x0000000800000000, Narrow klass shift: 0, Narrow klass range: 0x100000000

GC Precious Log:
 CPUs: 4 total, 4 available
 Memory: 7886M
 Large Page Support: Disabled
 NUMA Support: Disabled
 Compressed Oops: Enabled (32-bit)
 Heap Region Size: 1M
 Heap Min Capacity: 64M
 Heap Initial Capacity: 64M
 Heap Max Capacity: 64M
 Pre-touch: Disabled
 Parallel Workers: 4
 Concurrent Workers: 1
 Concurrent Refinement Workers: 4
 Periodic GC: Disabled

Heap:
 garbage-first heap   total 65536K, used 10240K [0x00000000fc000000, 0x0000000100000000)
  region size 1024K, 12 young (12288K), 0 survivors (0K)
 Metaspace       used 1747K, committed 1856K, reserved 1056768K
  class space    used 158K, committed 192K, reserved 1048576K

Heap Regions: E=young(eden), S=young(survivor), O=old, HS=humongous(starts), HC=humongous(continues), CS=collection set, F=free, OA=open archive, CA=closed archive, TAMS=top-at-mark-start (previous, next)
|   0|0x00000000fc000000, 0x00000000fc000000, 0x00000000fc100000|  0%| F|  |TAMS 0x00000000fc000000, 0x00000000fc000000| Untracked 
|   1|0x00000000fc100000, 0x00000000fc100000, 0x00000000fc200000|  0%| F|  |TAMS 0x00000000fc100000, 0x00000000fc100000| Untracked 
|   2|0x00000000fc200000, 0x00000000fc200000, 0x00000000fc300000|  0%| F|  |TAMS 0x00000000fc200000, 0x00000000fc200000| Untracked 
|   3|0x00000000fc300000, 0x00000000fc300000, 0x00000000fc400000|  0%| F|  |TAMS 0x00000000fc300000, 0x00000000fc300000| Untracked 
|   4|0x00000000fc400000, 0x00000000fc400000, 0x00000000fc500000|  0%| F|  |TAMS 0x00000000fc400000, 0x00000000fc400000| Untracked 
|   5|0x00000000fc500000, 0x00000000fc500000, 0x00000000fc600000|  0%| F|  |TAMS 0x00000000fc500000, 0x00000000fc500000| Untracked 
|   6|0x00000000fc600000, 0x00000000fc600000, 0x00000000fc700000|  0%| F|  |TAMS 0x00000000fc600000, 0x00000000fc600000| Untracked 
|   7|0x00000000fc700000, 0x00000000fc700000, 0x00000000fc800000|  0%| F|  |TAMS 0x00000000fc700000, 0x00000000fc700000| Untracked 
|   8|0x00000000fc800000, 0x00000000fc800000, 0x00000000fc900000|  0%| F|  |TAMS 0x00000000fc800000, 0x00000000fc800000| Untracked 
|   9|0x00000000fc900000, 0x00000000fc900000, 0x00000000fca00000|  0%| F|  |TAMS 0x00000000fc900000, 0x00000000fc900000| Untracked 
|  10|0x00000000fca00000, 0x00000000fca00000, 0x00000000fcb00000|  0%| F|  |TAMS 0x00000000fca00000, 0x00000000fca00000| Untracked 
|  11|0x00000000fcb00000, 0x00000000fcb00000, 0x00000000fcc00000|  0%| F|  |TAMS 0x00000000fcb00000, 0x00000000fcb00000| Untracked 
|  12|0x00000000fcc00000, 0x00000000fcc00000, 0x00000000fcd00000|  0%| F|  |TAMS 0x00000000fcc00000, 0x00000000fcc00000| Untracked 
|  13|0x00000000fcd00000, 0x00000000fcd00000, 0x00000000fce00000|  0%| F|  |TAMS 0x00000000fcd00000, 0x00000000fcd00000| Untracked 
|  14|0x00000000fce00000, 0x00000000fce00000, 0x00000000fcf00000|  0%| F|  |TAMS 0x00000000fce00000, 0x00000000fce00000| Untracked 
|  15|0x00000000fcf00000, 0x00000000fcf00000, 0x00000000fd000000|  0%| F|  |TAMS 0x00000000fcf00000, 0x00000000fcf00000| Untracked 
|  16|0x00000000fd000000, 0x00000000fd000000, 0x00000000fd100000|  0%| F|  |TAMS 0x00000000fd000000, 0x00000000fd000000| Untracked 
|  17|0x00000000fd100000, 0x00000000fd100000, 0x00000000fd200000|  0%| F|  |TAMS 0x00000000fd100000, 0x00000000fd100000| Untracked 
|  18|0x00000000fd200000, 0x00000000fd200000, 0x00000000fd300000|  0%| F|  |TAMS 0x00000000fd200000, 0x00000000fd200000| Untracked 
|  19|0x00000000fd300000, 0x00000000fd300000, 0x00000000fd400000|  0%| F|  |TAMS 0x00000000fd300000, 0x00000000fd300000| Untracked 
|  20|0x00000000fd400000, 0x00000000fd400000, 0x00000000fd500000|  0%| F|  |TAMS 0x00000000fd400000, 0x00000000fd400000| Untracked 
|  21|0x00000000fd500000, 0x00000000fd500000, 0x00000000fd600000|  0%| F|  |TAMS 0x00000000fd500000, 0x00000000fd500000| Untracked 
|  22|0x00000000fd600000, 0x00000000fd600000, 0x00000000fd700000|  0%| F|  |TAMS 0x00000000fd600000, 0x00000000fd600000| Untracked 
|  23|0x00000000fd700000, 0x00000000fd700000, 0x00000000fd800000|  0%| F|  |TAMS 0x00000000fd700000, 0x00000000fd700000| Untracked 
|  24|0x00000000fd800000, 0x00000000fd800000, 0x00000000fd900000|  0%| F|  |TAMS 0x00000000fd800000, 0x00000000fd800000| Untracked 
|  25|0x00000000fd900000, 0x00000000fd900000, 0x00000000fda00000|  0%| F|  |TAMS 0x00000000fd900000, 0x00000000fd900000| Untracked 
|  26|0x00000000fda00000, 0x00000000fda00000, 0x00000000fdb00000|  0%| F|  |TAMS 0x00000000fda00000, 0x00000000fda00000| Untracked 
|  27|0x00000000fdb00000, 0x00000000fdb00000, 0x00000000fdc00000|  0%| F|  |TAMS 0x00000000fdb00000, 0x00000000fdb00000| Untracked 
|  28|0x00000000fdc00000, 0x00000000fdc00000, 0x00000000fdd00000|  0%| F|  |TAMS 0x00000000fdc00000, 0x00000000fdc00000| Untracked 
|  29|0x00000000fdd00000, 0x00000000fdd00000, 0x00000000fde00000|  0%| F|  |TAMS 0x00000000fdd00000, 0x00000000fdd00000| Untracked 
|  30|0x00000000fde00000, 0x00000000fde00000, 0x00000000fdf00000|  0%| F|  |TAMS 0x00000000fde00000, 0x00000000fde00000| Untracked 
|  31|0x00000000fdf00000, 0x00000000fdf00000, 0x00000000fe000000|  0%| F|  |TAMS 0x00000000fdf00000, 0x00000000fdf00000| Untracked 
|  32|0x00000000fe000000, 0x00000000fe000000, 0x00000000fe100000|  0%| F|  |TAMS 0x00000000fe000000, 0x00000000fe000000| Untracked 
|  33|0x00000000fe100000, 0x00000000fe100000, 0x00000000fe200000|  0%| F|  |TAMS 0x00000000fe100000, 0x00000000fe100000| Untracked 
|  34|0x00000000fe200000, 0x00000000fe200000, 0x00000000fe300000|  0%| F|  |TAMS 0x00000000fe200000, 0x00000000fe200000| Untracked 
|  35|0x00000000fe300000, 0x00000000fe300000, 0x00000000fe400000|  0%| F|  |TAMS 0x00000000fe300000, 0x00000000fe300000| Untracked 
|  36|0x00000000fe400000, 0x00000000fe400000, 0x00000000fe500000|  0%| F|  |TAMS 0x00000000fe400000, 0x00000000fe400000| Untracked 
|  37|0x00000000fe500000, 0x00000000fe500000, 0x00000000fe600000|  0%| F|  |TAMS 0x00000000fe500000, 0x00000000fe500000| Untracked 
|  38|0x00000000fe600000, 0x00000000fe600000, 0x00000000fe700000|  0%| F|  |TAMS 0x00000000fe600000, 0x00000000fe600000| Untracked 
|  39|0x00000000fe700000, 0x00000000fe700000, 0x00000000fe800000|  0%| F|  |TAMS 0x00000000fe700000, 0x00000000fe700000| Untracked 
|  40|0x00000000fe800000, 0x00000000fe800000, 0x00000000fe900000|  0%| F|  |TAMS 0x00000000fe800000, 0x00000000fe800000| Untracked 
|  41|0x00000000fe900000, 0x00000000fe900000, 0x00000000fea00000|  0%| F|  |TAMS 0x00000000fe900000, 0x00000000fe900000| Untracked 
|  42|0x00000000fea00000, 0x00000000fea00000, 0x00000000feb00000|  0%| F|  |TAMS 0x00000000fea00000, 0x00000000fea00000| Untracked 
|  43|0x00000000feb00000, 0x00000000feb00000, 0x00000000fec00000|  0%| F|  |TAMS 0x00000000feb00000, 0x00000000feb00000| Untracked 
|  44|0x00000000fec00000, 0x00000000fec00000, 0x00000000fed00000|  0%| F|  |TAMS 0x00000000fec00000, 0x00000000fec00000| Untracked 
|  45|0x00000000fed00000, 0x00000000fed00000, 0x00000000fee00000|  0%| F|  |TAMS 0x00000000fed00000, 0x00000000fed00000| Untracked 
|  46|0x00000000fee00000, 0x00000000fee00000, 0x00000000fef00000|  0%| F|  |TAMS 0x00000000fee00000, 0x00000000fee00000| Untracked 
|  47|0x00000000fef00000, 0x00000000fef00000, 0x00000000ff000000|  0%| F|  |TAMS 0x00000000fef00000, 0x00000000fef00000| Untracked 
|  48|0x00000000ff000000, 0x00000000ff000000, 0x00000000ff100000|  0%| F|  |TAMS 0x00000000ff000000, 0x00000000ff000000| Untracked 
|  49|0x00000000ff100000, 0x00000000ff100000, 0x00000000ff200000|  0%| F|  |TAMS 0x00000000ff100000, 0x00000000ff100000| Untracked 
|  50|0x00000000ff200000, 0x00000000ff200000, 0x00000000ff300000|  0%| F|  |TAMS 0x00000000ff200000, 0x00000000ff200000| Untracked 
|  51|0x00000000ff300000, 0x00000000ff300000, 0x00000000ff400000|  0%| F|  |TAMS 0x00000000ff300000, 0x00000000ff300000| Untracked 
|  52|0x00000000ff400000, 0x00000000ff460eb0, 0x00000000ff500000| 37%| E|  |TAMS 0x00000000ff400000, 0x00000000ff400000| Complete 
|  53|0x00000000ff500000, 0x00000000ff600000, 0x00000000ff600000|100%| E|CS|TAMS 0x00000000ff500000, 0x00000000ff500000| Complete 
|  54|0x00000000ff600000, 0x00000000ff700000, 0x00000000ff700000|100%| E|CS|TAMS 0x00000000ff600000, 0x00000000ff600000| Complete 
|  55|0x00000000ff700000, 0x00000000ff800000, 0x00000000ff800000|100%| E|CS|TAMS 0x00000000ff700000, 0x00000000ff700000| Complete 
|  56|0x00000000ff800000, 0x00000000ff900000, 0x00000000ff900000|100%| E|CS|TAMS 0x00000000ff800000, 0x00000000ff800000| Complete 
|  57|0x00000000ff900000, 0x00000000ffa00000, 0x00000000ffa00000|100%| E|CS|TAMS 0x00000000ff900000, 0x00000000ff900000| Complete 
|  58|0x00000000ffa00000, 0x00000000ffb00000, 0x00000000ffb00000|100%| E|CS|TAMS 0x00000000ffa00000, 0x00000000ffa00000| Complete 
|  59|0x00000000ffb00000, 0x00000000ffc00000, 0x00000000ffc00000|100%| E|CS|TAMS 0x00000000ffb00000, 0x00000000ffb00000| Complete 
|  60|0x00000000ffc00000, 0x00000000ffd00000, 0x00000000ffd00000|100%| E|CS|TAMS 0x00000000ffc00000, 0x00000000ffc00000| Complete 
|  61|0x00000000ffd00000, 0x00000000ffe00000, 0x00000000ffe00000|100%| E|  |TAMS 0x00000000ffd00000, 0x00000000ffd00000| Complete 
|  62|0x00000000ffe00000, 0x00000000fff00000, 0x00000000fff00000|100%| E|CS|TAMS 0x00000000ffe00000, 0x00000000ffe00000| Complete 
|  63|0x00000000fff00000, 0x0000000100000000, 0x0000000100000000|100%| E|CS|TAMS 0x00000000fff00000, 0x00000000fff00000| Complete 

Card table byte_map: [0x00000213b3c90000,0x00000213b3cb0000] _byte_map_base: 0x00000213b34b0000

Marking Bits (Prev, Next): (CMBitMap*) 0x000002139b6828d0, (CMBitMap*) 0x000002139b682910
 Prev Bits: [0x00000213b3cd0000, 0x00000213b3dd0000)
 Next Bits: [0x00000213b3dd0000, 0x00000213b3ed0000)

Polling page: 0x000002139b740000

Metaspace:

Usage:
  Non-class:      1.56 MB used.
      Class:    159.68 KB used.
       Both:      1.71 MB used.

Virtual space:
  Non-class space:        8.00 MB reserved,       1.69 MB ( 21%) committed,  1 nodes.
      Class space:        1.00 GB reserved,     192.00 KB ( <1%) committed,  1 nodes.
             Both:        1.01 GB reserved,       1.88 MB ( <1%) committed. 

Chunk freelists:
   Non-Class:  3.68 MB
       Class:  3.69 MB
        Both:  7.37 MB

MaxMetaspaceSize: unlimited
CompressedClassSpaceSize: 1.00 GB
Initial GC threshold: 21.00 MB
Current GC threshold: 21.00 MB
CDS: on
MetaspaceReclaimPolicy: balanced
 - commit_granule_bytes: 65536.
 - commit_granule_words: 8192.
 - virtual_space_node_default_size: 1048576.
 - enlarge_chunks_in_place: 1.
 - new_chunks_are_fully_committed: 0.
 - uncommit_free_chunks: 1.
 - use_allocation_guard: 0.
 - handle_deallocations: 1.


Internal statistics:

num_allocs_failed_limit: 0.
num_arena_births: 14.
num_arena_deaths: 0.
num_vsnodes_births: 2.
num_vsnodes_deaths: 0.
num_space_committed: 30.
num_space_uncommitted: 0.
num_chunks_returned_to_freelist: 0.
num_chunks_taken_from_freelist: 45.
num_chunk_merges: 0.
num_chunk_splits: 20.
num_chunks_enlarged: 18.
num_purges: 0.
num_inconsistent_stats: 0.

CodeHeap 'non-profiled nmethods': size=120000Kb used=158Kb max_used=158Kb free=119841Kb
 bounds [0x00000213ac120000, 0x00000213ac390000, 0x00000213b3650000]
CodeHeap 'profiled nmethods': size=120000Kb used=808Kb max_used=808Kb free=119191Kb
 bounds [0x00000213a4bf0000, 0x00000213a4e60000, 0x00000213ac120000]
CodeHeap 'non-nmethods': size=5760Kb used=1131Kb max_used=1146Kb free=4628Kb
 bounds [0x00000213a4650000, 0x00000213a48c0000, 0x00000213a4bf0000]
 total_blobs=890 nmethods=489 adapters=314
 compilation: enabled
              stopped_count=0, restarted_count=0
 full_count=0

Compilation events (20 events):
Event: 1.934 Thread 0x00000213b6428910 nmethod 452 0x00000213a4ca4310 code [0x00000213a4ca4500, 0x00000213a4ca4a38]
Event: 1.934 Thread 0x00000213b6427f60  453       4       java.util.HashMap::put (13 bytes)
Event: 1.937 Thread 0x00000213b6428910  455       3       java.util.Optional::orElse (16 bytes)
Event: 1.937 Thread 0x00000213b6428910 nmethod 455 0x00000213a4ca4b90 code [0x00000213a4ca4d20, 0x00000213a4ca4e98]
Event: 1.937 Thread 0x00000213b6428910  456       1       java.nio.Buffer::limit (5 bytes)
Event: 1.937 Thread 0x00000213b6428910 nmethod 456 0x00000213ac145510 code [0x00000213ac1456a0, 0x00000213ac145778]
Event: 1.937 Thread 0x00000213b6428910  457       3       jdk.internal.module.ModuleReferenceImpl::hashCode (56 bytes)
Event: 1.938 Thread 0x00000213b6428910 nmethod 457 0x00000213a4ca4f10 code [0x00000213a4ca5100, 0x00000213a4ca5588]
Event: 1.940 Thread 0x00000213b6428910  458   !   3       java.nio.DirectByteBuffer::get (34 bytes)
Event: 1.940 Thread 0x00000213b6428910 nmethod 458 0x00000213a4ca5710 code [0x00000213a4ca5940, 0x00000213a4ca6178]
Event: 1.940 Thread 0x00000213b6428910  462   !   3       jdk.internal.misc.ScopedMemoryAccess::getByteInternal (36 bytes)
Event: 1.940 Thread 0x00000213b6428910 nmethod 462 0x00000213a4ca6610 code [0x00000213a4ca67c0, 0x00000213a4ca6a28]
Event: 1.940 Thread 0x00000213b6428910  463       3       jdk.internal.jimage.ImageStringsReader::unmaskedHashCode (166 bytes)
Event: 1.941 Thread 0x00000213b6428910 nmethod 463 0x00000213a4ca6b90 code [0x00000213a4ca6de0, 0x00000213a4ca79d8]
Event: 1.941 Thread 0x00000213b6428910  459       3       java.nio.DirectByteBuffer::ix (10 bytes)
Event: 1.941 Thread 0x00000213b6428910 nmethod 459 0x00000213a4ca7f10 code [0x00000213a4ca80a0, 0x00000213a4ca81b8]
Event: 1.941 Thread 0x00000213b6428910  461   !   3       jdk.internal.misc.ScopedMemoryAccess::getByte (20 bytes)
Event: 1.941 Thread 0x00000213b6428910 nmethod 461 0x00000213a4ca8290 code [0x00000213a4ca8460, 0x00000213a4ca88f8]
Event: 1.942 Thread 0x00000213b6428910  464       1       java.net.URL::getHost (5 bytes)
Event: 1.942 Thread 0x00000213b6428910 nmethod 464 0x00000213ac145c10 code [0x00000213ac145da0, 0x00000213ac145e78]

GC Heap History (0 events):
No events

Deoptimization events (20 events):
Event: 1.028 Thread 0x000002139b665460 DEOPT PACKING pc=0x00000213a4bf99e7 sp=0x000000c1009fa530
Event: 1.028 Thread 0x000002139b665460 DEOPT UNPACKING pc=0x00000213a46a6763 sp=0x000000c1009f9950 mode 0
Event: 1.125 Thread 0x000002139b665460 DEOPT PACKING pc=0x00000213a4c1347e sp=0x000000c1009fd490
Event: 1.125 Thread 0x000002139b665460 DEOPT UNPACKING pc=0x00000213a46a6763 sp=0x000000c1009fc900 mode 0
Event: 1.125 Thread 0x000002139b665460 DEOPT PACKING pc=0x00000213a4c1347e sp=0x000000c1009fd490
Event: 1.125 Thread 0x000002139b665460 DEOPT UNPACKING pc=0x00000213a46a6763 sp=0x000000c1009fc900 mode 0
Event: 1.130 Thread 0x000002139b665460 DEOPT PACKING pc=0x00000213a4c4a1be sp=0x000000c1009fd420
Event: 1.130 Thread 0x000002139b665460 DEOPT UNPACKING pc=0x00000213a46a6763 sp=0x000000c1009fc898 mode 0
Event: 1.130 Thread 0x000002139b665460 DEOPT PACKING pc=0x00000213a4c1347e sp=0x000000c1009fd3f0
Event: 1.130 Thread 0x000002139b665460 DEOPT UNPACKING pc=0x00000213a46a6763 sp=0x000000c1009fc860 mode 0
Event: 1.130 Thread 0x000002139b665460 DEOPT PACKING pc=0x00000213a4c4a1be sp=0x000000c1009fd420
Event: 1.130 Thread 0x000002139b665460 DEOPT UNPACKING pc=0x00000213a46a6763 sp=0x000000c1009fc898 mode 0
Event: 1.130 Thread 0x000002139b665460 DEOPT PACKING pc=0x00000213a4c1347e sp=0x000000c1009fd3f0
Event: 1.130 Thread 0x000002139b665460 DEOPT UNPACKING pc=0x00000213a46a6763 sp=0x000000c1009fc860 mode 0
Event: 1.381 Thread 0x000002139b665460 DEOPT PACKING pc=0x00000213a4c418f2 sp=0x000000c1009fd140
Event: 1.381 Thread 0x000002139b665460 DEOPT UNPACKING pc=0x00000213a46a6763 sp=0x000000c1009fc600 mode 0
Event: 1.772 Thread 0x000002139b665460 Uncommon trap: trap_request=0xffffff45 fr.pc=0x00000213ac141590 relative=0x0000000000000090
Event: 1.772 Thread 0x000002139b665460 Uncommon trap: reason=unstable_if action=reinterpret pc=0x00000213ac141590 method=java.util.regex.Pattern.append(II)V @ 9 c2
Event: 1.772 Thread 0x000002139b665460 DEOPT PACKING pc=0x00000213ac141590 sp=0x000000c1009fce30
Event: 1.772 Thread 0x000002139b665460 DEOPT UNPACKING pc=0x00000213a46a5c23 sp=0x000000c1009fcdc0 mode 2

Classes unloaded (0 events):
No events

Classes redefined (0 events):
No events

Internal exceptions (1 events):
Event: 1.031 Thread 0x000002139b665460 Exception <a 'java/lang/NoSuchMethodError'{0x00000000ffde2720}: 'int java.lang.invoke.DirectMethodHandle$Holder.invokeStaticInit(java.lang.Object, java.lang.Object)'> (0x00000000ffde2720) 
thrown [t:\workspace\open\src\hotspot\share\interpreter\linkResolver.cpp, line 766]

VM Operations (2 events):
Event: 1.282 Executing VM operation: Cleanup
Event: 1.282 Executing VM operation: Cleanup done

Events (20 events):
Event: 0.871 loading class java/io/FilePermissionCollection done
Event: 0.871 loading class java/util/Vector
Event: 0.871 loading class java/util/Vector done
Event: 0.871 loading class java/io/FilePermissionCollection$1
Event: 0.871 loading class java/io/FilePermissionCollection$1 done
Event: 0.872 loading class sun/security/util/ManifestEntryVerifier
Event: 0.872 loading class sun/security/util/ManifestEntryVerifier done
Event: 1.034 loading class java/net/MalformedURLException
Event: 1.034 loading class java/net/MalformedURLException done
Event: 1.036 loading class java/io/FileFilter
Event: 1.036 loading class java/io/FileFilter done
Event: 1.100 loading class java/util/AbstractList$Itr
Event: 1.100 loading class java/util/AbstractList$Itr done
Event: 1.101 loading class java/util/zip/ZipException
Event: 1.101 loading class java/util/zip/ZipException done
Event: 1.126 loading class java/lang/invoke/DirectMethodHandle$Special
Event: 1.126 loading class java/lang/invoke/DirectMethodHandle$Special done
Event: 1.936 Loaded shared library C:\Program Files\Java\jdk-17.0.1\bin\jimage.dll
Event: 1.937 loading class jdk/internal/jimage/ImageLocation
Event: 1.937 loading class jdk/internal/jimage/ImageLocation done


Dynamic libraries:
0x00007ff7b20c0000 - 0x00007ff7b20d0000 	C:\Program Files\Java\jdk-17.0.1\bin\java.exe
0x00007ffb45b90000 - 0x00007ffb45d88000 	C:\Windows\SYSTEM32\ntdll.dll
0x00007ffb45460000 - 0x00007ffb4551f000 	C:\Windows\System32\KERNEL32.DLL
0x00007ffb43490000 - 0x00007ffb43786000 	C:\Windows\System32\KERNELBASE.dll
0x00007ffb432f0000 - 0x00007ffb433f0000 	C:\Windows\System32\ucrtbase.dll
0x00007ffb3bee0000 - 0x00007ffb3bef8000 	C:\Program Files\Java\jdk-17.0.1\bin\jli.dll
0x00007ffb443b0000 - 0x00007ffb4445f000 	C:\Windows\System32\ADVAPI32.dll
0x00007ffb453c0000 - 0x00007ffb4545e000 	C:\Windows\System32\msvcrt.dll
0x00007ffb45520000 - 0x00007ffb455bc000 	C:\Windows\System32\sechost.dll
0x00007ffb44070000 - 0x00007ffb44196000 	C:\Windows\System32\RPCRT4.dll
0x00007ffb441a0000 - 0x00007ffb4433d000 	C:\Windows\System32\USER32.dll
0x00007ffb43960000 - 0x00007ffb43982000 	C:\Windows\System32\win32u.dll
0x00007ffb43f90000 - 0x00007ffb43fbc000 	C:\Windows\System32\GDI32.dll
0x00007ffb43990000 - 0x00007ffb43aa5000 	C:\Windows\System32\gdi32full.dll
0x00007ffb433f0000 - 0x00007ffb4348d000 	C:\Windows\System32\msvcp_win.dll
0x00007ffb3b0f0000 - 0x00007ffb3b10a000 	C:\Program Files\Java\jdk-17.0.1\bin\VCRUNTIME140.dll
0x00007ffb28660000 - 0x00007ffb288fa000 	C:\Windows\WinSxS\amd64_microsoft.windows.common-controls_6595b64144ccf1df_6.0.19041.1110_none_60b5254171f9507e\COMCTL32.dll
0x00007ffb31bb0000 - 0x00007ffb31bba000 	C:\Windows\SYSTEM32\VERSION.dll
0x00007ffb44ed0000 - 0x00007ffb44f00000 	C:\Windows\System32\IMM32.DLL
0x00007ffb3beb0000 - 0x00007ffb3bebc000 	C:\Program Files\Java\jdk-17.0.1\bin\vcruntime140_1.dll
0x00007ffb1d4b0000 - 0x00007ffb1d53d000 	C:\Program Files\Java\jdk-17.0.1\bin\msvcp140.dll
0x00007ffaba610000 - 0x00007ffabb1ce000 	C:\Program Files\Java\jdk-17.0.1\bin\server\jvm.dll
0x00007ffb44620000 - 0x00007ffb44628000 	C:\Windows\System32\PSAPI.DLL
0x00007ffb23620000 - 0x00007ffb23629000 	C:\Windows\SYSTEM32\WSOCK32.dll
0x00007ffb44630000 - 0x00007ffb4469b000 	C:\Windows\System32\WS2_32.dll
0x00007ffb2e6c0000 - 0x00007ffb2e6e7000 	C:\Windows\SYSTEM32\WINMM.dll
0x00007ffb41a60000 - 0x00007ffb41a72000 	C:\Windows\SYSTEM32\kernel.appcore.dll
0x00007ffb3b160000 - 0x00007ffb3b16a000 	C:\Program Files\Java\jdk-17.0.1\bin\jimage.dll
0x00007ffb41640000 - 0x00007ffb41824000 	C:\Windows\SYSTEM32\DBGHELP.DLL
0x00007ffb311c0000 - 0x00007ffb311f4000 	C:\Windows\SYSTEM32\dbgcore.DLL
0x00007ffb43b60000 - 0x00007ffb43be2000 	C:\Windows\System32\bcryptPrimitives.dll
0x00007ffb2f830000 - 0x00007ffb2f855000 	C:\Program Files\Java\jdk-17.0.1\bin\java.dll
0x00007ffb1d3d0000 - 0x00007ffb1d4a6000 	C:\Program Files\Java\jdk-17.0.1\bin\svml.dll
0x00007ffb44780000 - 0x00007ffb44ec4000 	C:\Windows\System32\SHELL32.dll
0x00007ffb40de0000 - 0x00007ffb41573000 	C:\Windows\SYSTEM32\windows.storage.dll
0x00007ffb45060000 - 0x00007ffb453b4000 	C:\Windows\System32\combase.dll
0x00007ffb42cd0000 - 0x00007ffb42cfe000 	C:\Windows\SYSTEM32\Wldp.dll
0x00007ffb44f00000 - 0x00007ffb44fad000 	C:\Windows\System32\SHCORE.dll
0x00007ffb44350000 - 0x00007ffb443a5000 	C:\Windows\System32\shlwapi.dll
0x00007ffb431b0000 - 0x00007ffb431cf000 	C:\Windows\SYSTEM32\profapi.dll
0x00007ffb30180000 - 0x00007ffb30199000 	C:\Program Files\Java\jdk-17.0.1\bin\net.dll
0x00007ffb3d0d0000 - 0x00007ffb3d1da000 	C:\Windows\SYSTEM32\WINHTTP.dll
0x00007ffb42a30000 - 0x00007ffb42a9a000 	C:\Windows\system32\mswsock.dll
0x00007ffb2f810000 - 0x00007ffb2f825000 	C:\Program Files\Java\jdk-17.0.1\bin\nio.dll
0x00007ffb2f770000 - 0x00007ffb2f788000 	C:\Program Files\Java\jdk-17.0.1\bin\zip.dll

dbghelp: loaded successfully - version: 4.0.5 - missing functions: none
symbol engine: initialized successfully - sym options: 0x614 - pdb path: .;C:\Program Files\Java\jdk-17.0.1\bin;C:\Windows\SYSTEM32;C:\Windows\WinSxS\amd64_microsoft.windows.common-controls_6595b64144ccf1df_6.0.19041.1110_none_60b5254171f9507e;C:\Program Files\Java\jdk-17.0.1\bin\server

VM Arguments:
jvm_args: -Xmx64m -Xms64m -Dorg.gradle.appname=gradlew 
java_command: org.gradle.wrapper.GradleWrapperMain tasks
java_class_path (initial): C:\Users\91939\Dropbox\My PC (LAPTOP-JH16H4DN)\Downloads\android\android\\gradle\wrapper\gradle-wrapper.jar
Launcher Type: SUN_STANDARD

[Global flags]
     intx CICompilerCount                          = 3                                         {product} {ergonomic}
     uint ConcGCThreads                            = 1                                         {product} {ergonomic}
     uint G1ConcRefinementThreads                  = 4                                         {product} {ergonomic}
   size_t G1HeapRegionSize                         = 1048576                                   {product} {ergonomic}
    uintx GCDrainStackTargetSize                   = 64                                        {product} {ergonomic}
   size_t InitialHeapSize                          = 67108864                                  {product} {command line}
   size_t MarkStackSize                            = 4194304                                   {product} {ergonomic}
   size_t MaxHeapSize                              = 67108864                                  {product} {command line}
   size_t MaxNewSize                               = 39845888                                  {product} {ergonomic}
   size_t MinHeapDeltaBytes                        = 1048576                                   {product} {ergonomic}
   size_t MinHeapSize                              = 67108864                                  {product} {command line}
    uintx NonNMethodCodeHeapSize                   = 5832780                                {pd product} {ergonomic}
    uintx NonProfiledCodeHeapSize                  = 122912730                              {pd product} {ergonomic}
    uintx ProfiledCodeHeapSize                     = 122912730                              {pd product} {ergonomic}
    uintx ReservedCodeCacheSize                    = 251658240                              {pd product} {ergonomic}
     bool SegmentedCodeCache                       = true                                      {product} {ergonomic}
   size_t SoftMaxHeapSize                          = 67108864                               {manageable} {ergonomic}
     bool UseCompressedClassPointers               = true                           {product lp64_product} {ergonomic}
     bool UseCompressedOops                        = true                           {product lp64_product} {ergonomic}
     bool UseG1GC                                  = true                                      {product} {ergonomic}
     bool UseLargePagesIndividualAllocation        = false                                  {pd product} {ergonomic}

Logging:
Log output configuration:
 #0: stdout all=warning uptime,level,tags
 #1: stderr all=off uptime,level,tags

Environment Variables:
JAVA_HOME=C:\Program Files\Java\jdk-17.0.1
CLASSPATH=C:\Users\91939\Dropbox\My PC (LAPTOP-JH16H4DN)\Downloads\android\android\\gradle\wrapper\gradle-wrapper.jar
PATH=C:\Users\91939\Dropbox\My PC (LAPTOP-JH16H4DN)\Downloads\android\node_modules\.bin;C:\Users\91939\Dropbox\My PC (LAPTOP-JH16H4DN)\Downloads\android\node_modules\.bin;C:\Users\91939\Dropbox\My PC (LAPTOP-JH16H4DN)\Downloads\node_modules\.bin;C:\Users\91939\Dropbox\My PC (LAPTOP-JH16H4DN)\node_modules\.bin;C:\Users\91939\Dropbox\node_modules\.bin;C:\Users\91939\node_modules\.bin;C:\Users\node_modules\.bin;C:\node_modules\.bin;C:\Users\91939\AppData\Roaming\npm\node_modules\npm\node_modules\@npmcli\run-script\lib\node-gyp-bin;C:\Users\91939\Dropbox\My PC (LAPTOP-JH16H4DN)\Downloads\android\node_modules\.bin;C:\Users\91939\Dropbox\My PC (LAPTOP-JH16H4DN)\Downloads\android\node_modules\.bin;C:\Users\91939\Dropbox\My PC (LAPTOP-JH16H4DN)\Downloads\node_modules\.bin;C:\Users\91939\Dropbox\My PC (LAPTOP-JH16H4DN)\node_modules\.bin;C:\Users\91939\Dropbox\node_modules\.bin;C:\Users\91939\node_modules\.bin;C:\Users\node_modules\.bin;C:\node_modules\.bin;C:\Users\91939\AppData\Roaming\npm\node_modules\npm\node_modules\@npmcli\run-script\lib\node-gyp-bin;C:\Program Files\Common Files\Oracle\Java\javapath;C:\Program Files (x86)\Common Files\Intel\Shared Libraries\redist\intel64\compiler;C:\Windows\system32;C:\Windows;C:\Windows\System32\Wbem;C:\Windows\System32\WindowsPowerShell\v1.0\;C:\Windows\System32\OpenSSH\;C:\MinGW\bin;C:\Program Files\Git\cmd;C:\Program Files\Docker\Docker\resources\bin;C:\ProgramData\DockerDesktop\version-bin;C:\Users\91939\AppData\Local\Android\Sdk\platform-tools;C:\ProgramData\chocolatey\bin;C:\Program Files\nodejs\;C:\Users\91939\AppData\Local\Android\Sdk;%PNPM_HOME%;C:\Users\91939\AppData\Local\Programs\Python\Python310\Scripts\;C:\Users\91939\AppData\Local\Programs\Python\Python310\;C:\Users\91939\AppData\Local\Microsoft\WindowsApps;C:\Program Files\JetBrains\IntelliJ IDEA Community Edition 2021.2.3\bin;;C:\Users\91939\AppData\Local\GitHubDesktop\bin;C:\Users\91939\Dropbox\My PC (LAPTOP-JH16H4DN)\Downloads\Setup\apache-maven-3.8.6\bin;C:\flutter\b
USERNAME=91939
LANG=en_US.UTF-8
OS=Windows_NT
PROCESSOR_IDENTIFIER=Intel64 Family 6 Model 140 Stepping 1, GenuineIntel



---------------  S Y S T E M  ---------------

OS:
 Windows 10 , 64 bit Build 19041 (10.0.19041.2913)
OS uptime: 15 days 0:47 hours
Hyper-V role detected

CPU: total 4 (initial active 4) (2 cores per cpu, 2 threads per core) family 6 model 140 stepping 1 microcode 0x86, cx8, cmov, fxsr, ht, mmx, 3dnowpref, sse, sse2, sse3, ssse3, sse4.1, sse4.2, popcnt, lzcnt, tsc, tscinvbit, avx, avx2, aes, erms, clmul, bmi1, bmi2, adx, avx512f, avx512dq, avx512cd, avx512bw, avx512vl, sha, fma, vzeroupper, avx512_vpopcntdq, avx512_vpclmulqdq, avx512_vaes, avx512_vnni, clflush, clflushopt, clwb, avx512_vbmi2, avx512_vbmi, hv

Memory: 4k page, system-wide physical 7886M (764M free)
TotalPageFile size 19886M (AvailPageFile size 54M)
current process WorkingSet (physical memory assigned to process): 46M, peak: 46M
current process commit charge ("private bytes"): 139M, peak: 139M

vm_info: Java HotSpot(TM) 64-Bit Server VM (17.0.1+12-LTS-39) for windows-amd64 JRE (17.0.1+12-LTS-39), built on Sep 27 2021 18:41:35 by "mach5one" with MS VC++ 16.8 (VS2019)

END.
